<?xml version="1.0" encoding="UTF-8"?>
<coverage generated="1769152761111" clover="3.2.0">
  <project timestamp="1769152761112" name="All files">
    <metrics statements="119" coveredstatements="57" conditionals="80" coveredconditionals="30" methods="52" coveredmethods="20" elements="251" coveredelements="107" complexity="0" loc="119" ncloc="119" packages="4" files="14" classes="14"/>
    <package name="constants">
      <metrics statements="1" coveredstatements="1" conditionals="0" coveredconditionals="0" methods="0" coveredmethods="0"/>
      <file name="techOptions.js" path="C:\Git\DailyDeck\Notes\src\constants\techOptions.js">
        <metrics statements="1" coveredstatements="1" conditionals="0" coveredconditionals="0" methods="0" coveredmethods="0"/>
        <line num="1" count="1" type="stmt"/>
      </file>
    </package>
    <package name="features.auth">
      <metrics statements="43" coveredstatements="21" conditionals="20" coveredconditionals="5" methods="11" coveredmethods="3"/>
      <file name="ForgotPasswordModal.jsx" path="C:\Git\DailyDeck\Notes\src\features\auth\ForgotPasswordModal.jsx">
        <metrics statements="14" coveredstatements="1" conditionals="8" coveredconditionals="0" methods="5" coveredmethods="0"/>
        <line num="6" count="1" type="stmt"/>
        <line num="11" count="0" type="cond" truecount="0" falsecount="2"/>
        <line num="13" count="0" type="stmt"/>
        <line num="16" count="0" type="stmt"/>
        <line num="18" count="0" type="cond" truecount="0" falsecount="2"/>
        <line num="19" count="0" type="stmt"/>
        <line num="22" count="0" type="stmt"/>
        <line num="23" count="0" type="stmt"/>
        <line num="29" count="0" type="stmt"/>
        <line num="31" count="0" type="stmt"/>
        <line num="37" count="0" type="stmt"/>
        <line num="41" count="0" type="stmt"/>
        <line num="54" count="0" type="stmt"/>
        <line num="73" count="0" type="stmt"/>
      </file>
      <file name="Login.jsx" path="C:\Git\DailyDeck\Notes\src\features\auth\Login.jsx">
        <metrics statements="29" coveredstatements="20" conditionals="12" coveredconditionals="5" methods="6" coveredmethods="3"/>
        <line num="11" count="55" type="stmt"/>
        <line num="12" count="55" type="stmt"/>
        <line num="13" count="55" type="stmt"/>
        <line num="14" count="55" type="stmt"/>
        <line num="15" count="55" type="stmt"/>
        <line num="17" count="55" type="stmt"/>
        <line num="19" count="55" type="stmt"/>
        <line num="20" count="48" type="stmt"/>
        <line num="23" count="55" type="stmt"/>
        <line num="24" count="1" type="stmt"/>
        <line num="25" count="1" type="stmt"/>
        <line num="26" count="1" type="stmt"/>
        <line num="27" count="1" type="stmt"/>
        <line num="36" count="1" type="stmt"/>
        <line num="39" count="1" type="stmt"/>
        <line num="40" count="1" type="stmt"/>
        <line num="42" count="1" type="stmt"/>
        <line num="43" count="1" type="stmt"/>
        <line num="45" count="1" type="stmt"/>
        <line num="46" count="0" type="stmt"/>
        <line num="49" count="0" type="cond" truecount="0" falsecount="2"/>
        <line num="50" count="0" type="cond" truecount="0" falsecount="2"/>
        <line num="51" count="0" type="cond" truecount="0" falsecount="2"/>
        <line num="52" count="0" type="stmt"/>
        <line num="54" count="0" type="stmt"/>
        <line num="56" count="0" type="stmt"/>
        <line num="60" count="55" type="stmt"/>
        <line num="148" count="0" type="stmt"/>
        <line num="190" count="0" type="stmt"/>
      </file>
    </package>
    <package name="features.todo.components.TaskDrawer">
      <metrics statements="63" coveredstatements="27" conditionals="44" coveredconditionals="14" methods="34" coveredmethods="12"/>
      <file name="DatePicker.jsx" path="C:\Git\DailyDeck\Notes\src\features\todo\components\TaskDrawer\DatePicker.jsx">
        <metrics statements="3" coveredstatements="1" conditionals="7" coveredconditionals="2" methods="3" coveredmethods="1"/>
        <line num="7" count="6" type="stmt"/>
        <line num="13" count="0" type="cond" truecount="0" falsecount="2"/>
        <line num="16" count="0" type="cond" truecount="0" falsecount="2"/>
      </file>
      <file name="DrawerFooter.jsx" path="C:\Git\DailyDeck\Notes\src\features\todo\components\TaskDrawer\DrawerFooter.jsx">
        <metrics statements="8" coveredstatements="6" conditionals="4" coveredconditionals="2" methods="5" coveredmethods="3"/>
        <line num="3" count="1" type="stmt"/>
        <line num="4" count="6" type="stmt"/>
        <line num="7" count="1" type="stmt"/>
        <line num="8" count="1" type="stmt"/>
        <line num="12" count="0" type="stmt"/>
        <line num="13" count="0" type="stmt"/>
        <line num="15" count="6" type="stmt"/>
        <line num="26" count="1" type="cond" truecount="1" falsecount="1"/>
      </file>
      <file name="DrawerHeader.jsx" path="C:\Git\DailyDeck\Notes\src\features\todo\components\TaskDrawer\DrawerHeader.jsx">
        <metrics statements="2" coveredstatements="2" conditionals="4" coveredconditionals="2" methods="1" coveredmethods="1"/>
        <line num="1" count="1" type="stmt"/>
        <line num="2" count="6" type="stmt"/>
      </file>
      <file name="DrawerSubtask.jsx" path="C:\Git\DailyDeck\Notes\src\features\todo\components\TaskDrawer\DrawerSubtask.jsx">
        <metrics statements="2" coveredstatements="2" conditionals="0" coveredconditionals="0" methods="1" coveredmethods="1"/>
        <line num="3" count="1" type="stmt"/>
        <line num="4" count="6" type="stmt"/>
      </file>
      <file name="SubtaskSection.jsx" path="C:\Git\DailyDeck\Notes\src\features\todo\components\TaskDrawer\SubtaskSection.jsx">
        <metrics statements="17" coveredstatements="5" conditionals="12" coveredconditionals="0" methods="10" coveredmethods="1"/>
        <line num="6" count="6" type="stmt"/>
        <line num="7" count="6" type="stmt"/>
        <line num="9" count="6" type="stmt"/>
        <line num="10" count="0" type="cond" truecount="0" falsecount="2"/>
        <line num="11" count="0" type="stmt"/>
        <line num="12" count="0" type="stmt"/>
        <line num="16" count="0" type="stmt"/>
        <line num="19" count="6" type="stmt"/>
        <line num="20" count="0" type="stmt"/>
        <line num="22" count="0" type="cond" truecount="0" falsecount="2"/>
        <line num="26" count="6" type="stmt"/>
        <line num="31" count="0" type="stmt"/>
        <line num="32" count="0" type="cond" truecount="0" falsecount="2"/>
        <line num="46" count="0" type="stmt"/>
        <line num="57" count="0" type="stmt"/>
        <line num="60" count="0" type="cond" truecount="0" falsecount="2"/>
        <line num="80" count="0" type="stmt"/>
      </file>
      <file name="TaskDrawer.jsx" path="C:\Git\DailyDeck\Notes\src\features\todo\components\TaskDrawer\TaskDrawer.jsx">
        <metrics statements="31" coveredstatements="11" conditionals="17" coveredconditionals="8" methods="14" coveredmethods="5"/>
        <line num="22" count="6" type="stmt"/>
        <line num="24" count="6" type="stmt"/>
        <line num="26" count="6" type="stmt"/>
        <line num="27" count="6" type="stmt"/>
        <line num="29" count="6" type="stmt"/>
        <line num="30" count="0" type="cond" truecount="0" falsecount="4"/>
        <line num="31" count="0" type="stmt"/>
        <line num="32" count="0" type="stmt"/>
        <line num="33" count="0" type="stmt"/>
        <line num="35" count="0" type="stmt"/>
        <line num="38" count="6" type="stmt"/>
        <line num="39" count="0" type="stmt"/>
        <line num="40" count="0" type="stmt"/>
        <line num="41" count="0" type="cond" truecount="0" falsecount="2"/>
        <line num="42" count="0" type="stmt"/>
        <line num="43" count="0" type="stmt"/>
        <line num="46" count="0" type="stmt"/>
        <line num="53" count="0" type="stmt"/>
        <line num="54" count="0" type="stmt"/>
        <line num="58" count="6" type="stmt"/>
        <line num="70" count="5" type="stmt"/>
        <line num="86" count="18" type="stmt"/>
        <line num="94" count="8" type="stmt"/>
        <line num="105" count="42" type="stmt"/>
        <line num="139" count="0" type="stmt"/>
        <line num="154" count="0" type="stmt"/>
        <line num="174" count="0" type="stmt"/>
        <line num="190" count="0" type="stmt"/>
        <line num="207" count="0" type="stmt"/>
        <line num="208" count="0" type="stmt"/>
        <line num="210" count="0" type="stmt"/>
      </file>
      <file name="datePickerStyle.css" path="C:\Git\DailyDeck\Notes\src\features\todo\components\TaskDrawer\datePickerStyle.css">
        <metrics statements="0" coveredstatements="0" conditionals="0" coveredconditionals="0" methods="0" coveredmethods="0"/>
      </file>
    </package>
    <package name="features.todo.components.TaskDrawer.inputs">
      <metrics statements="12" coveredstatements="8" conditionals="16" coveredconditionals="11" methods="7" coveredmethods="5"/>
      <file name="FormInput.jsx" path="C:\Git\DailyDeck\Notes\src\features\todo\components\TaskDrawer\inputs\FormInput.jsx">
        <metrics statements="1" coveredstatements="1" conditionals="1" coveredconditionals="1" methods="1" coveredmethods="1"/>
        <line num="7" count="12" type="stmt"/>
      </file>
      <file name="FormInputGit.jsx" path="C:\Git\DailyDeck\Notes\src\features\todo\components\TaskDrawer\inputs\FormInputGit.jsx">
        <metrics statements="7" coveredstatements="4" conditionals="15" coveredconditionals="10" methods="3" coveredmethods="2"/>
        <line num="9" count="6" type="stmt"/>
        <line num="10" count="6" type="cond" truecount="2" falsecount="2"/>
        <line num="11" count="0" type="stmt"/>
        <line num="14" count="0" type="stmt"/>
        <line num="16" count="6" type="stmt"/>
        <line num="17" count="6" type="stmt"/>
        <line num="27" count="0" type="stmt"/>
      </file>
      <file name="FormTextarea.jsx" path="C:\Git\DailyDeck\Notes\src\features\todo\components\TaskDrawer\inputs\FormTextarea.jsx">
        <metrics statements="3" coveredstatements="2" conditionals="0" coveredconditionals="0" methods="2" coveredmethods="1"/>
        <line num="1" count="1" type="stmt"/>
        <line num="2" count="6" type="stmt"/>
        <line num="10" count="0" type="stmt"/>
      </file>
      <file name="TwoColumn.jsx" path="C:\Git\DailyDeck\Notes\src\features\todo\components\TaskDrawer\inputs\TwoColumn.jsx">
        <metrics statements="1" coveredstatements="1" conditionals="0" coveredconditionals="0" methods="1" coveredmethods="1"/>
        <line num="2" count="6" type="stmt"/>
      </file>
    </package>
  </project>
</coverage>
