<?xml version="1.0" encoding="UTF-8"?>
<coverage generated="1768656555438" clover="3.2.0">
  <project timestamp="1768656555439" name="All files">
    <metrics statements="43" coveredstatements="21" conditionals="20" coveredconditionals="5" methods="11" coveredmethods="3" elements="74" coveredelements="29" complexity="0" loc="43" ncloc="43" packages="1" files="2" classes="2"/>
    <file name="ForgotPasswordModal.jsx" path="C:\Git\DailyDeck\Notes\src\features\auth\ForgotPasswordModal.jsx">
      <metrics statements="14" coveredstatements="1" conditionals="8" coveredconditionals="0" methods="5" coveredmethods="0"/>
      <line num="6" count="1" type="stmt"/>
      <line num="11" count="0" type="cond" truecount="0" falsecount="2"/>
      <line num="13" count="0" type="stmt"/>
      <line num="16" count="0" type="stmt"/>
      <line num="18" count="0" type="cond" truecount="0" falsecount="2"/>
      <line num="19" count="0" type="stmt"/>
      <line num="22" count="0" type="stmt"/>
      <line num="23" count="0" type="stmt"/>
      <line num="29" count="0" type="stmt"/>
      <line num="31" count="0" type="stmt"/>
      <line num="37" count="0" type="stmt"/>
      <line num="41" count="0" type="stmt"/>
      <line num="54" count="0" type="stmt"/>
      <line num="73" count="0" type="stmt"/>
    </file>
    <file name="Login.jsx" path="C:\Git\DailyDeck\Notes\src\features\auth\Login.jsx">
      <metrics statements="29" coveredstatements="20" conditionals="12" coveredconditionals="5" methods="6" coveredmethods="3"/>
      <line num="11" count="55" type="stmt"/>
      <line num="12" count="55" type="stmt"/>
      <line num="13" count="55" type="stmt"/>
      <line num="14" count="55" type="stmt"/>
      <line num="15" count="55" type="stmt"/>
      <line num="17" count="55" type="stmt"/>
      <line num="19" count="55" type="stmt"/>
      <line num="20" count="48" type="stmt"/>
      <line num="23" count="55" type="stmt"/>
      <line num="24" count="1" type="stmt"/>
      <line num="25" count="1" type="stmt"/>
      <line num="26" count="1" type="stmt"/>
      <line num="27" count="1" type="stmt"/>
      <line num="36" count="1" type="stmt"/>
      <line num="39" count="1" type="stmt"/>
      <line num="40" count="1" type="stmt"/>
      <line num="42" count="1" type="stmt"/>
      <line num="43" count="1" type="stmt"/>
      <line num="45" count="1" type="stmt"/>
      <line num="46" count="0" type="stmt"/>
      <line num="49" count="0" type="cond" truecount="0" falsecount="2"/>
      <line num="50" count="0" type="cond" truecount="0" falsecount="2"/>
      <line num="51" count="0" type="cond" truecount="0" falsecount="2"/>
      <line num="52" count="0" type="stmt"/>
      <line num="54" count="0" type="stmt"/>
      <line num="56" count="0" type="stmt"/>
      <line num="60" count="55" type="stmt"/>
      <line num="148" count="0" type="stmt"/>
      <line num="190" count="0" type="stmt"/>
    </file>
  </project>
</coverage>
