{"C:\\Git\\DailyDeck\\Notes\\src\\features\\auth\\ForgotPasswordModal.jsx": {"path":"C:\\Git\\DailyDeck\\Notes\\src\\features\\auth\\ForgotPasswordModal.jsx","statementMap":{"0":{"start":{"line":6,"column":28},"end":{"line":82,"column":null}},"1":{"start":{"line":11,"column":2},"end":{"line":11,"column":null}},"2":{"start":{"line":11,"column":23},"end":{"line":11,"column":null}},"3":{"start":{"line":13,"column":24},"end":{"line":13,"column":null}},"4":{"start":{"line":16,"column":4},"end":{"line":16,"column":null}},"5":{"start":{"line":18,"column":4},"end":{"line":20,"column":null}},"6":{"start":{"line":19,"column":6},"end":{"line":19,"column":null}},"7":{"start":{"line":22,"column":4},"end":{"line":34,"column":null}},"8":{"start":{"line":23,"column":6},"end":{"line":27,"column":null}},"9":{"start":{"line":29,"column":6},"end":{"line":29,"column":null}},"10":{"start":{"line":31,"column":6},"end":{"line":33,"column":null}},"11":{"start":{"line":37,"column":2},"end":{"line":80,"column":null}},"12":{"start":{"line":41,"column":23},"end":{"line":41,"column":null}},"13":{"start":{"line":54,"column":29},"end":{"line":54,"column":null}},"14":{"start":{"line":73,"column":27},"end":{"line":73,"column":null}}},"fnMap":{"0":{"name":"(anonymous_0)","decl":{"start":{"line":6,"column":28},"end":{"line":6,"column":29}},"loc":{"start":{"line":10,"column":6},"end":{"line":82,"column":null}},"line":10},"1":{"name":"handleForgotPassword","decl":{"start":{"line":15,"column":17},"end":{"line":15,"column":38}},"loc":{"start":{"line":15,"column":41},"end":{"line":35,"column":null}},"line":15},"2":{"name":"(anonymous_2)","decl":{"start":{"line":41,"column":17},"end":{"line":41,"column":23}},"loc":{"start":{"line":41,"column":23},"end":{"line":41,"column":null}},"line":41},"3":{"name":"(anonymous_3)","decl":{"start":{"line":54,"column":22},"end":{"line":54,"column":23}},"loc":{"start":{"line":54,"column":29},"end":{"line":54,"column":null}},"line":54},"4":{"name":"(anonymous_4)","decl":{"start":{"line":73,"column":21},"end":{"line":73,"column":27}},"loc":{"start":{"line":73,"column":27},"end":{"line":73,"column":null}},"line":73}},"branchMap":{"0":{"loc":{"start":{"line":11,"column":2},"end":{"line":11,"column":null}},"type":"if","locations":[{"start":{"line":11,"column":2},"end":{"line":11,"column":null}},{"start":{},"end":{}}],"line":11},"1":{"loc":{"start":{"line":18,"column":4},"end":{"line":20,"column":null}},"type":"if","locations":[{"start":{"line":18,"column":4},"end":{"line":20,"column":null}},{"start":{},"end":{}}],"line":18},"2":{"loc":{"start":{"line":32,"column":8},"end":{"line":32,"column":null}},"type":"binary-expr","locations":[{"start":{"line":32,"column":8},"end":{"line":32,"column":41}},{"start":{"line":32,"column":41},"end":{"line":32,"column":null}}],"line":32},"3":{"loc":{"start":{"line":64,"column":13},"end":{"line":67,"column":null}},"type":"cond-expr","locations":[{"start":{"line":65,"column":14},"end":{"line":65,"column":null}},{"start":{"line":67,"column":14},"end":{"line":67,"column":null}}],"line":64}},"s":{"0":1,"1":0,"2":0,"3":0,"4":0,"5":0,"6":0,"7":0,"8":0,"9":0,"10":0,"11":0,"12":0,"13":0,"14":0},"f":{"0":0,"1":0,"2":0,"3":0,"4":0},"b":{"0":[0,0],"1":[0,0],"2":[0,0],"3":[0,0]},"meta":{"lastBranch":4,"lastFunction":5,"lastStatement":15,"seen":{"s:6:28:82:Infinity":0,"f:6:28:6:29":0,"b:11:2:11:Infinity:undefined:undefined:undefined:undefined":0,"s:11:2:11:Infinity":1,"s:11:23:11:Infinity":2,"s:13:24:13:Infinity":3,"f:15:17:15:38":1,"s:16:4:16:Infinity":4,"b:18:4:20:Infinity:undefined:undefined:undefined:undefined":1,"s:18:4:20:Infinity":5,"s:19:6:19:Infinity":6,"s:22:4:34:Infinity":7,"s:23:6:27:Infinity":8,"s:29:6:29:Infinity":9,"s:31:6:33:Infinity":10,"b:32:8:32:41:32:41:32:Infinity":2,"s:37:2:80:Infinity":11,"f:41:17:41:23":2,"s:41:23:41:Infinity":12,"f:54:22:54:23":3,"s:54:29:54:Infinity":13,"b:65:14:65:Infinity:67:14:67:Infinity":3,"f:73:21:73:27":4,"s:73:27:73:Infinity":14}}}
,"C:\\Git\\DailyDeck\\Notes\\src\\features\\auth\\Login.jsx": {"path":"C:\\Git\\DailyDeck\\Notes\\src\\features\\auth\\Login.jsx","statementMap":{"0":{"start":{"line":11,"column":8},"end":{"line":11,"column":null}},"1":{"start":{"line":12,"column":22},"end":{"line":12,"column":null}},"2":{"start":{"line":13,"column":28},"end":{"line":13,"column":null}},"3":{"start":{"line":14,"column":32},"end":{"line":14,"column":null}},"4":{"start":{"line":15,"column":42},"end":{"line":15,"column":null}},"5":{"start":{"line":17,"column":16},"end":{"line":17,"column":null}},"6":{"start":{"line":19,"column":23},"end":{"line":21,"column":null}},"7":{"start":{"line":20,"column":4},"end":{"line":20,"column":null}},"8":{"start":{"line":23,"column":23},"end":{"line":58,"column":null}},"9":{"start":{"line":24,"column":4},"end":{"line":24,"column":null}},"10":{"start":{"line":25,"column":4},"end":{"line":25,"column":null}},"11":{"start":{"line":26,"column":4},"end":{"line":57,"column":null}},"12":{"start":{"line":27,"column":23},"end":{"line":34,"column":null}},"13":{"start":{"line":36,"column":29},"end":{"line":38,"column":null}},"14":{"start":{"line":39,"column":6},"end":{"line":39,"column":null}},"15":{"start":{"line":40,"column":6},"end":{"line":40,"column":null}},"16":{"start":{"line":42,"column":6},"end":{"line":42,"column":null}},"17":{"start":{"line":43,"column":6},"end":{"line":43,"column":null}},"18":{"start":{"line":45,"column":6},"end":{"line":47,"column":null}},"19":{"start":{"line":46,"column":8},"end":{"line":46,"column":null}},"20":{"start":{"line":49,"column":6},"end":{"line":55,"column":null}},"21":{"start":{"line":50,"column":8},"end":{"line":50,"column":null}},"22":{"start":{"line":51,"column":6},"end":{"line":55,"column":null}},"23":{"start":{"line":52,"column":8},"end":{"line":52,"column":null}},"24":{"start":{"line":54,"column":8},"end":{"line":54,"column":null}},"25":{"start":{"line":56,"column":6},"end":{"line":56,"column":null}},"26":{"start":{"line":60,"column":2},"end":{"line":208,"column":null}},"27":{"start":{"line":148,"column":37},"end":{"line":148,"column":null}},"28":{"start":{"line":190,"column":35},"end":{"line":190,"column":null}}},"fnMap":{"0":{"name":"Login","decl":{"start":{"line":10,"column":24},"end":{"line":10,"column":32}},"loc":{"start":{"line":10,"column":32},"end":{"line":210,"column":null}},"line":10},"1":{"name":"(anonymous_1)","decl":{"start":{"line":19,"column":23},"end":{"line":19,"column":24}},"loc":{"start":{"line":19,"column":30},"end":{"line":21,"column":null}},"line":19},"2":{"name":"(anonymous_2)","decl":{"start":{"line":23,"column":23},"end":{"line":23,"column":30}},"loc":{"start":{"line":23,"column":36},"end":{"line":58,"column":null}},"line":23},"3":{"name":"(anonymous_3)","decl":{"start":{"line":45,"column":17},"end":{"line":45,"column":23}},"loc":{"start":{"line":45,"column":23},"end":{"line":47,"column":9}},"line":45},"4":{"name":"(anonymous_4)","decl":{"start":{"line":148,"column":31},"end":{"line":148,"column":37}},"loc":{"start":{"line":148,"column":37},"end":{"line":148,"column":null}},"line":148},"5":{"name":"(anonymous_5)","decl":{"start":{"line":190,"column":29},"end":{"line":190,"column":35}},"loc":{"start":{"line":190,"column":35},"end":{"line":190,"column":null}},"line":190}},"branchMap":{"0":{"loc":{"start":{"line":49,"column":6},"end":{"line":55,"column":null}},"type":"if","locations":[{"start":{"line":49,"column":6},"end":{"line":55,"column":null}},{"start":{"line":51,"column":6},"end":{"line":55,"column":null}}],"line":49},"1":{"loc":{"start":{"line":50,"column":22},"end":{"line":50,"column":75}},"type":"binary-expr","locations":[{"start":{"line":50,"column":22},"end":{"line":50,"column":53}},{"start":{"line":50,"column":53},"end":{"line":50,"column":75}}],"line":50},"2":{"loc":{"start":{"line":51,"column":6},"end":{"line":55,"column":null}},"type":"if","locations":[{"start":{"line":51,"column":6},"end":{"line":55,"column":null}},{"start":{"line":53,"column":13},"end":{"line":55,"column":null}}],"line":51},"3":{"loc":{"start":{"line":66,"column":9},"end":{"line":198,"column":null}},"type":"binary-expr","locations":[{"start":{"line":66,"column":9},"end":{"line":66,"column":null}},{"start":{"line":67,"column":10},"end":{"line":198,"column":null}}],"line":66},"4":{"loc":{"start":{"line":170,"column":19},"end":{"line":175,"column":null}},"type":"cond-expr","locations":[{"start":{"line":171,"column":20},"end":{"line":171,"column":null}},{"start":{"line":173,"column":20},"end":{"line":175,"column":null}}],"line":170},"5":{"loc":{"start":{"line":202,"column":7},"end":{"line":206,"column":null}},"type":"binary-expr","locations":[{"start":{"line":202,"column":7},"end":{"line":202,"column":null}},{"start":{"line":203,"column":8},"end":{"line":206,"column":null}}],"line":202}},"s":{"0":55,"1":55,"2":55,"3":55,"4":55,"5":55,"6":55,"7":48,"8":55,"9":1,"10":1,"11":1,"12":1,"13":1,"14":1,"15":1,"16":1,"17":1,"18":1,"19":0,"20":0,"21":0,"22":0,"23":0,"24":0,"25":0,"26":55,"27":0,"28":0},"f":{"0":55,"1":48,"2":1,"3":0,"4":0,"5":0},"b":{"0":[0,0],"1":[0,0],"2":[0,0],"3":[55,54],"4":[1,53],"5":[55,0]},"meta":{"lastBranch":6,"lastFunction":6,"lastStatement":29,"seen":{"f:10:24:10:32":0,"s:11:8:11:Infinity":0,"s:12:22:12:Infinity":1,"s:13:28:13:Infinity":2,"s:14:32:14:Infinity":3,"s:15:42:15:Infinity":4,"s:17:16:17:Infinity":5,"s:19:23:21:Infinity":6,"f:19:23:19:24":1,"s:20:4:20:Infinity":7,"s:23:23:58:Infinity":8,"f:23:23:23:30":2,"s:24:4:24:Infinity":9,"s:25:4:25:Infinity":10,"s:26:4:57:Infinity":11,"s:27:23:34:Infinity":12,"s:36:29:38:Infinity":13,"s:39:6:39:Infinity":14,"s:40:6:40:Infinity":15,"s:42:6:42:Infinity":16,"s:43:6:43:Infinity":17,"s:45:6:47:Infinity":18,"f:45:17:45:23":3,"s:46:8:46:Infinity":19,"b:49:6:55:Infinity:51:6:55:Infinity":0,"s:49:6:55:Infinity":20,"s:50:8:50:Infinity":21,"b:50:22:50:53:50:53:50:75":1,"b:51:6:55:Infinity:53:13:55:Infinity":2,"s:51:6:55:Infinity":22,"s:52:8:52:Infinity":23,"s:54:8:54:Infinity":24,"s:56:6:56:Infinity":25,"s:60:2:208:Infinity":26,"b:66:9:66:Infinity:67:10:198:Infinity":3,"f:148:31:148:37":4,"s:148:37:148:Infinity":27,"b:171:20:171:Infinity:173:20:175:Infinity":4,"f:190:29:190:35":5,"s:190:35:190:Infinity":28,"b:202:7:202:Infinity:203:8:206:Infinity":5}}}
}
