{"C:\\Git\\DailyDeck\\Notes\\src\\constants\\techOptions.js": {"path":"C:\\Git\\DailyDeck\\Notes\\src\\constants\\techOptions.js","statementMap":{"0":{"start":{"line":1,"column":27},"end":{"line":10,"column":1}}},"fnMap":{},"branchMap":{},"s":{"0":1},"f":{},"b":{},"meta":{"lastBranch":0,"lastFunction":0,"lastStatement":1,"seen":{"s:1:27:10:1":0}}}
,"C:\\Git\\DailyDeck\\Notes\\src\\features\\auth\\ForgotPasswordModal.jsx": {"path":"C:\\Git\\DailyDeck\\Notes\\src\\features\\auth\\ForgotPasswordModal.jsx","statementMap":{"0":{"start":{"line":6,"column":28},"end":{"line":82,"column":null}},"1":{"start":{"line":11,"column":2},"end":{"line":11,"column":null}},"2":{"start":{"line":11,"column":23},"end":{"line":11,"column":null}},"3":{"start":{"line":13,"column":24},"end":{"line":13,"column":null}},"4":{"start":{"line":16,"column":4},"end":{"line":16,"column":null}},"5":{"start":{"line":18,"column":4},"end":{"line":20,"column":null}},"6":{"start":{"line":19,"column":6},"end":{"line":19,"column":null}},"7":{"start":{"line":22,"column":4},"end":{"line":34,"column":null}},"8":{"start":{"line":23,"column":6},"end":{"line":27,"column":null}},"9":{"start":{"line":29,"column":6},"end":{"line":29,"column":null}},"10":{"start":{"line":31,"column":6},"end":{"line":33,"column":null}},"11":{"start":{"line":37,"column":2},"end":{"line":80,"column":null}},"12":{"start":{"line":41,"column":23},"end":{"line":41,"column":null}},"13":{"start":{"line":54,"column":29},"end":{"line":54,"column":null}},"14":{"start":{"line":73,"column":27},"end":{"line":73,"column":null}}},"fnMap":{"0":{"name":"(anonymous_0)","decl":{"start":{"line":6,"column":28},"end":{"line":6,"column":29}},"loc":{"start":{"line":10,"column":6},"end":{"line":82,"column":null}},"line":10},"1":{"name":"handleForgotPassword","decl":{"start":{"line":15,"column":17},"end":{"line":15,"column":38}},"loc":{"start":{"line":15,"column":41},"end":{"line":35,"column":null}},"line":15},"2":{"name":"(anonymous_2)","decl":{"start":{"line":41,"column":17},"end":{"line":41,"column":23}},"loc":{"start":{"line":41,"column":23},"end":{"line":41,"column":null}},"line":41},"3":{"name":"(anonymous_3)","decl":{"start":{"line":54,"column":22},"end":{"line":54,"column":23}},"loc":{"start":{"line":54,"column":29},"end":{"line":54,"column":null}},"line":54},"4":{"name":"(anonymous_4)","decl":{"start":{"line":73,"column":21},"end":{"line":73,"column":27}},"loc":{"start":{"line":73,"column":27},"end":{"line":73,"column":null}},"line":73}},"branchMap":{"0":{"loc":{"start":{"line":11,"column":2},"end":{"line":11,"column":null}},"type":"if","locations":[{"start":{"line":11,"column":2},"end":{"line":11,"column":null}},{"start":{},"end":{}}],"line":11},"1":{"loc":{"start":{"line":18,"column":4},"end":{"line":20,"column":null}},"type":"if","locations":[{"start":{"line":18,"column":4},"end":{"line":20,"column":null}},{"start":{},"end":{}}],"line":18},"2":{"loc":{"start":{"line":32,"column":8},"end":{"line":32,"column":null}},"type":"binary-expr","locations":[{"start":{"line":32,"column":8},"end":{"line":32,"column":41}},{"start":{"line":32,"column":41},"end":{"line":32,"column":null}}],"line":32},"3":{"loc":{"start":{"line":64,"column":13},"end":{"line":67,"column":null}},"type":"cond-expr","locations":[{"start":{"line":65,"column":14},"end":{"line":65,"column":null}},{"start":{"line":67,"column":14},"end":{"line":67,"column":null}}],"line":64}},"s":{"0":1,"1":0,"2":0,"3":0,"4":0,"5":0,"6":0,"7":0,"8":0,"9":0,"10":0,"11":0,"12":0,"13":0,"14":0},"f":{"0":0,"1":0,"2":0,"3":0,"4":0},"b":{"0":[0,0],"1":[0,0],"2":[0,0],"3":[0,0]},"meta":{"lastBranch":4,"lastFunction":5,"lastStatement":15,"seen":{"s:6:28:82:Infinity":0,"f:6:28:6:29":0,"b:11:2:11:Infinity:undefined:undefined:undefined:undefined":0,"s:11:2:11:Infinity":1,"s:11:23:11:Infinity":2,"s:13:24:13:Infinity":3,"f:15:17:15:38":1,"s:16:4:16:Infinity":4,"b:18:4:20:Infinity:undefined:undefined:undefined:undefined":1,"s:18:4:20:Infinity":5,"s:19:6:19:Infinity":6,"s:22:4:34:Infinity":7,"s:23:6:27:Infinity":8,"s:29:6:29:Infinity":9,"s:31:6:33:Infinity":10,"b:32:8:32:41:32:41:32:Infinity":2,"s:37:2:80:Infinity":11,"f:41:17:41:23":2,"s:41:23:41:Infinity":12,"f:54:22:54:23":3,"s:54:29:54:Infinity":13,"b:65:14:65:Infinity:67:14:67:Infinity":3,"f:73:21:73:27":4,"s:73:27:73:Infinity":14}}}
,"C:\\Git\\DailyDeck\\Notes\\src\\features\\auth\\Login.jsx": {"path":"C:\\Git\\DailyDeck\\Notes\\src\\features\\auth\\Login.jsx","statementMap":{"0":{"start":{"line":11,"column":8},"end":{"line":11,"column":null}},"1":{"start":{"line":12,"column":22},"end":{"line":12,"column":null}},"2":{"start":{"line":13,"column":28},"end":{"line":13,"column":null}},"3":{"start":{"line":14,"column":32},"end":{"line":14,"column":null}},"4":{"start":{"line":15,"column":42},"end":{"line":15,"column":null}},"5":{"start":{"line":17,"column":16},"end":{"line":17,"column":null}},"6":{"start":{"line":19,"column":23},"end":{"line":21,"column":null}},"7":{"start":{"line":20,"column":4},"end":{"line":20,"column":null}},"8":{"start":{"line":23,"column":23},"end":{"line":58,"column":null}},"9":{"start":{"line":24,"column":4},"end":{"line":24,"column":null}},"10":{"start":{"line":25,"column":4},"end":{"line":25,"column":null}},"11":{"start":{"line":26,"column":4},"end":{"line":57,"column":null}},"12":{"start":{"line":27,"column":23},"end":{"line":34,"column":null}},"13":{"start":{"line":36,"column":29},"end":{"line":38,"column":null}},"14":{"start":{"line":39,"column":6},"end":{"line":39,"column":null}},"15":{"start":{"line":40,"column":6},"end":{"line":40,"column":null}},"16":{"start":{"line":42,"column":6},"end":{"line":42,"column":null}},"17":{"start":{"line":43,"column":6},"end":{"line":43,"column":null}},"18":{"start":{"line":45,"column":6},"end":{"line":47,"column":null}},"19":{"start":{"line":46,"column":8},"end":{"line":46,"column":null}},"20":{"start":{"line":49,"column":6},"end":{"line":55,"column":null}},"21":{"start":{"line":50,"column":8},"end":{"line":50,"column":null}},"22":{"start":{"line":51,"column":6},"end":{"line":55,"column":null}},"23":{"start":{"line":52,"column":8},"end":{"line":52,"column":null}},"24":{"start":{"line":54,"column":8},"end":{"line":54,"column":null}},"25":{"start":{"line":56,"column":6},"end":{"line":56,"column":null}},"26":{"start":{"line":60,"column":2},"end":{"line":208,"column":null}},"27":{"start":{"line":148,"column":37},"end":{"line":148,"column":null}},"28":{"start":{"line":190,"column":35},"end":{"line":190,"column":null}}},"fnMap":{"0":{"name":"Login","decl":{"start":{"line":10,"column":24},"end":{"line":10,"column":32}},"loc":{"start":{"line":10,"column":32},"end":{"line":210,"column":null}},"line":10},"1":{"name":"(anonymous_1)","decl":{"start":{"line":19,"column":23},"end":{"line":19,"column":24}},"loc":{"start":{"line":19,"column":30},"end":{"line":21,"column":null}},"line":19},"2":{"name":"(anonymous_2)","decl":{"start":{"line":23,"column":23},"end":{"line":23,"column":30}},"loc":{"start":{"line":23,"column":36},"end":{"line":58,"column":null}},"line":23},"3":{"name":"(anonymous_3)","decl":{"start":{"line":45,"column":17},"end":{"line":45,"column":23}},"loc":{"start":{"line":45,"column":23},"end":{"line":47,"column":9}},"line":45},"4":{"name":"(anonymous_4)","decl":{"start":{"line":148,"column":31},"end":{"line":148,"column":37}},"loc":{"start":{"line":148,"column":37},"end":{"line":148,"column":null}},"line":148},"5":{"name":"(anonymous_5)","decl":{"start":{"line":190,"column":29},"end":{"line":190,"column":35}},"loc":{"start":{"line":190,"column":35},"end":{"line":190,"column":null}},"line":190}},"branchMap":{"0":{"loc":{"start":{"line":49,"column":6},"end":{"line":55,"column":null}},"type":"if","locations":[{"start":{"line":49,"column":6},"end":{"line":55,"column":null}},{"start":{"line":51,"column":6},"end":{"line":55,"column":null}}],"line":49},"1":{"loc":{"start":{"line":50,"column":22},"end":{"line":50,"column":75}},"type":"binary-expr","locations":[{"start":{"line":50,"column":22},"end":{"line":50,"column":53}},{"start":{"line":50,"column":53},"end":{"line":50,"column":75}}],"line":50},"2":{"loc":{"start":{"line":51,"column":6},"end":{"line":55,"column":null}},"type":"if","locations":[{"start":{"line":51,"column":6},"end":{"line":55,"column":null}},{"start":{"line":53,"column":13},"end":{"line":55,"column":null}}],"line":51},"3":{"loc":{"start":{"line":66,"column":9},"end":{"line":198,"column":null}},"type":"binary-expr","locations":[{"start":{"line":66,"column":9},"end":{"line":66,"column":null}},{"start":{"line":67,"column":10},"end":{"line":198,"column":null}}],"line":66},"4":{"loc":{"start":{"line":170,"column":19},"end":{"line":175,"column":null}},"type":"cond-expr","locations":[{"start":{"line":171,"column":20},"end":{"line":171,"column":null}},{"start":{"line":173,"column":20},"end":{"line":175,"column":null}}],"line":170},"5":{"loc":{"start":{"line":202,"column":7},"end":{"line":206,"column":null}},"type":"binary-expr","locations":[{"start":{"line":202,"column":7},"end":{"line":202,"column":null}},{"start":{"line":203,"column":8},"end":{"line":206,"column":null}}],"line":202}},"s":{"0":55,"1":55,"2":55,"3":55,"4":55,"5":55,"6":55,"7":48,"8":55,"9":1,"10":1,"11":1,"12":1,"13":1,"14":1,"15":1,"16":1,"17":1,"18":1,"19":0,"20":0,"21":0,"22":0,"23":0,"24":0,"25":0,"26":55,"27":0,"28":0},"f":{"0":55,"1":48,"2":1,"3":0,"4":0,"5":0},"b":{"0":[0,0],"1":[0,0],"2":[0,0],"3":[55,54],"4":[1,53],"5":[55,0]},"meta":{"lastBranch":6,"lastFunction":6,"lastStatement":29,"seen":{"f:10:24:10:32":0,"s:11:8:11:Infinity":0,"s:12:22:12:Infinity":1,"s:13:28:13:Infinity":2,"s:14:32:14:Infinity":3,"s:15:42:15:Infinity":4,"s:17:16:17:Infinity":5,"s:19:23:21:Infinity":6,"f:19:23:19:24":1,"s:20:4:20:Infinity":7,"s:23:23:58:Infinity":8,"f:23:23:23:30":2,"s:24:4:24:Infinity":9,"s:25:4:25:Infinity":10,"s:26:4:57:Infinity":11,"s:27:23:34:Infinity":12,"s:36:29:38:Infinity":13,"s:39:6:39:Infinity":14,"s:40:6:40:Infinity":15,"s:42:6:42:Infinity":16,"s:43:6:43:Infinity":17,"s:45:6:47:Infinity":18,"f:45:17:45:23":3,"s:46:8:46:Infinity":19,"b:49:6:55:Infinity:51:6:55:Infinity":0,"s:49:6:55:Infinity":20,"s:50:8:50:Infinity":21,"b:50:22:50:53:50:53:50:75":1,"b:51:6:55:Infinity:53:13:55:Infinity":2,"s:51:6:55:Infinity":22,"s:52:8:52:Infinity":23,"s:54:8:54:Infinity":24,"s:56:6:56:Infinity":25,"s:60:2:208:Infinity":26,"b:66:9:66:Infinity:67:10:198:Infinity":3,"f:148:31:148:37":4,"s:148:37:148:Infinity":27,"b:171:20:171:Infinity:173:20:175:Infinity":4,"f:190:29:190:35":5,"s:190:35:190:Infinity":28,"b:202:7:202:Infinity:203:8:206:Infinity":5}}}
,"C:\\Git\\DailyDeck\\Notes\\src\\features\\todo\\components\\TaskDrawer\\DatePicker.jsx": {"path":"C:\\Git\\DailyDeck\\Notes\\src\\features\\todo\\components\\TaskDrawer\\DatePicker.jsx","statementMap":{"0":{"start":{"line":7,"column":2},"end":{"line":19,"column":null}},"1":{"start":{"line":13,"column":28},"end":{"line":13,"column":null}},"2":{"start":{"line":16,"column":40},"end":{"line":16,"column":null}}},"fnMap":{"0":{"name":"DateInput","decl":{"start":{"line":6,"column":24},"end":{"line":6,"column":34}},"loc":{"start":{"line":6,"column":75},"end":{"line":21,"column":null}},"line":6},"1":{"name":"(anonymous_1)","decl":{"start":{"line":13,"column":18},"end":{"line":13,"column":19}},"loc":{"start":{"line":13,"column":28},"end":{"line":13,"column":null}},"line":13},"2":{"name":"(anonymous_2)","decl":{"start":{"line":16,"column":27},"end":{"line":16,"column":28}},"loc":{"start":{"line":16,"column":40},"end":{"line":16,"column":null}},"line":16}},"branchMap":{"0":{"loc":{"start":{"line":6,"column":36},"end":{"line":6,"column":56}},"type":"default-arg","locations":[{"start":{"line":6,"column":44},"end":{"line":6,"column":56}}],"line":6},"1":{"loc":{"start":{"line":12,"column":15},"end":{"line":12,"column":null}},"type":"cond-expr","locations":[{"start":{"line":12,"column":15},"end":{"line":12,"column":38}},{"start":{"line":12,"column":38},"end":{"line":12,"column":null}}],"line":12},"2":{"loc":{"start":{"line":13,"column":37},"end":{"line":13,"column":69}},"type":"binary-expr","locations":[{"start":{"line":13,"column":37},"end":{"line":13,"column":60}},{"start":{"line":13,"column":60},"end":{"line":13,"column":69}}],"line":13},"3":{"loc":{"start":{"line":16,"column":40},"end":{"line":16,"column":null}},"type":"binary-expr","locations":[{"start":{"line":16,"column":40},"end":{"line":16,"column":66}},{"start":{"line":16,"column":66},"end":{"line":16,"column":null}}],"line":16}},"s":{"0":6,"1":0,"2":0},"f":{"0":6,"1":0,"2":0},"b":{"0":[6],"1":[0,6],"2":[0,0],"3":[0,0]},"meta":{"lastBranch":4,"lastFunction":3,"lastStatement":3,"seen":{"f:6:24:6:34":0,"b:6:44:6:56":0,"s:7:2:19:Infinity":0,"b:12:15:12:38:12:38:12:Infinity":1,"f:13:18:13:19":1,"s:13:28:13:Infinity":1,"b:13:37:13:60:13:60:13:69":2,"f:16:27:16:28":2,"s:16:40:16:Infinity":2,"b:16:40:16:66:16:66:16:Infinity":3}}}
,"C:\\Git\\DailyDeck\\Notes\\src\\features\\todo\\components\\TaskDrawer\\DrawerFooter.jsx": {"path":"C:\\Git\\DailyDeck\\Notes\\src\\features\\todo\\components\\TaskDrawer\\DrawerFooter.jsx","statementMap":{"0":{"start":{"line":3,"column":21},"end":{"line":35,"column":null}},"1":{"start":{"line":4,"column":33},"end":{"line":4,"column":null}},"2":{"start":{"line":4,"column":61},"end":{"line":4,"column":66}},"3":{"start":{"line":7,"column":4},"end":{"line":7,"column":null}},"4":{"start":{"line":8,"column":4},"end":{"line":8,"column":null}},"5":{"start":{"line":12,"column":4},"end":{"line":12,"column":null}},"6":{"start":{"line":13,"column":4},"end":{"line":13,"column":null}},"7":{"start":{"line":15,"column":2},"end":{"line":33,"column":null}},"8":{"start":{"line":26,"column":10},"end":{"line":26,"column":null}}},"fnMap":{"0":{"name":"(anonymous_0)","decl":{"start":{"line":3,"column":21},"end":{"line":3,"column":22}},"loc":{"start":{"line":3,"column":56},"end":{"line":35,"column":null}},"line":3},"1":{"name":"(anonymous_1)","decl":{"start":{"line":4,"column":50},"end":{"line":4,"column":51}},"loc":{"start":{"line":4,"column":61},"end":{"line":4,"column":66}},"line":4},"2":{"name":"handleCreate","decl":{"start":{"line":6,"column":17},"end":{"line":6,"column":32}},"loc":{"start":{"line":6,"column":32},"end":{"line":9,"column":null}},"line":6},"3":{"name":"handleEdit","decl":{"start":{"line":11,"column":17},"end":{"line":11,"column":30}},"loc":{"start":{"line":11,"column":30},"end":{"line":14,"column":null}},"line":11},"4":{"name":"(anonymous_4)","decl":{"start":{"line":25,"column":17},"end":{"line":25,"column":23}},"loc":{"start":{"line":25,"column":23},"end":{"line":27,"column":null}},"line":25}},"branchMap":{"0":{"loc":{"start":{"line":26,"column":10},"end":{"line":26,"column":null}},"type":"cond-expr","locations":[{"start":{"line":26,"column":19},"end":{"line":26,"column":34}},{"start":{"line":26,"column":34},"end":{"line":26,"column":null}}],"line":26},"1":{"loc":{"start":{"line":31,"column":9},"end":{"line":31,"column":null}},"type":"cond-expr","locations":[{"start":{"line":31,"column":18},"end":{"line":31,"column":35}},{"start":{"line":31,"column":35},"end":{"line":31,"column":null}}],"line":31}},"s":{"0":1,"1":6,"2":0,"3":1,"4":1,"5":0,"6":0,"7":6,"8":1},"f":{"0":6,"1":0,"2":1,"3":0,"4":1},"b":{"0":[0,1],"1":[0,6]},"meta":{"lastBranch":2,"lastFunction":5,"lastStatement":9,"seen":{"s:3:21:35:Infinity":0,"f:3:21:3:22":0,"s:4:33:4:Infinity":1,"f:4:50:4:51":1,"s:4:61:4:66":2,"f:6:17:6:32":2,"s:7:4:7:Infinity":3,"s:8:4:8:Infinity":4,"f:11:17:11:30":3,"s:12:4:12:Infinity":5,"s:13:4:13:Infinity":6,"s:15:2:33:Infinity":7,"f:25:17:25:23":4,"s:26:10:26:Infinity":8,"b:26:19:26:34:26:34:26:Infinity":0,"b:31:18:31:35:31:35:31:Infinity":1}}}
,"C:\\Git\\DailyDeck\\Notes\\src\\features\\todo\\components\\TaskDrawer\\DrawerHeader.jsx": {"path":"C:\\Git\\DailyDeck\\Notes\\src\\features\\todo\\components\\TaskDrawer\\DrawerHeader.jsx","statementMap":{"0":{"start":{"line":1,"column":21},"end":{"line":22,"column":null}},"1":{"start":{"line":2,"column":2},"end":{"line":20,"column":null}}},"fnMap":{"0":{"name":"(anonymous_0)","decl":{"start":{"line":1,"column":21},"end":{"line":1,"column":22}},"loc":{"start":{"line":1,"column":46},"end":{"line":22,"column":null}},"line":1}},"branchMap":{"0":{"loc":{"start":{"line":6,"column":11},"end":{"line":6,"column":null}},"type":"cond-expr","locations":[{"start":{"line":6,"column":20},"end":{"line":6,"column":34}},{"start":{"line":6,"column":34},"end":{"line":6,"column":null}}],"line":6},"1":{"loc":{"start":{"line":9,"column":11},"end":{"line":11,"column":null}},"type":"cond-expr","locations":[{"start":{"line":10,"column":14},"end":{"line":10,"column":null}},{"start":{"line":11,"column":14},"end":{"line":11,"column":null}}],"line":9}},"s":{"0":1,"1":6},"f":{"0":6},"b":{"0":[0,6],"1":[0,6]},"meta":{"lastBranch":2,"lastFunction":1,"lastStatement":2,"seen":{"s:1:21:22:Infinity":0,"f:1:21:1:22":0,"s:2:2:20:Infinity":1,"b:6:20:6:34:6:34:6:Infinity":0,"b:10:14:10:Infinity:11:14:11:Infinity":1}}}
,"C:\\Git\\DailyDeck\\Notes\\src\\features\\todo\\components\\TaskDrawer\\DrawerSubtask.jsx": {"path":"C:\\Git\\DailyDeck\\Notes\\src\\features\\todo\\components\\TaskDrawer\\DrawerSubtask.jsx","statementMap":{"0":{"start":{"line":3,"column":22},"end":{"line":12,"column":null}},"1":{"start":{"line":4,"column":2},"end":{"line":10,"column":null}}},"fnMap":{"0":{"name":"(anonymous_0)","decl":{"start":{"line":3,"column":22},"end":{"line":3,"column":23}},"loc":{"start":{"line":3,"column":53},"end":{"line":12,"column":null}},"line":3}},"branchMap":{},"s":{"0":1,"1":6},"f":{"0":6},"b":{},"meta":{"lastBranch":0,"lastFunction":1,"lastStatement":2,"seen":{"s:3:22:12:Infinity":0,"f:3:22:3:23":0,"s:4:2:10:Infinity":1}}}
,"C:\\Git\\DailyDeck\\Notes\\src\\features\\todo\\components\\TaskDrawer\\SubtaskSection.jsx": {"path":"C:\\Git\\DailyDeck\\Notes\\src\\features\\todo\\components\\TaskDrawer\\SubtaskSection.jsx","statementMap":{"0":{"start":{"line":6,"column":22},"end":{"line":6,"column":null}},"1":{"start":{"line":7,"column":24},"end":{"line":7,"column":null}},"2":{"start":{"line":9,"column":14},"end":{"line":17,"column":null}},"3":{"start":{"line":10,"column":4},"end":{"line":10,"column":null}},"4":{"start":{"line":10,"column":22},"end":{"line":10,"column":null}},"5":{"start":{"line":11,"column":23},"end":{"line":11,"column":null}},"6":{"start":{"line":12,"column":4},"end":{"line":15,"column":null}},"7":{"start":{"line":16,"column":4},"end":{"line":16,"column":null}},"8":{"start":{"line":19,"column":17},"end":{"line":24,"column":null}},"9":{"start":{"line":20,"column":4},"end":{"line":23,"column":null}},"10":{"start":{"line":22,"column":54},"end":{"line":22,"column":65}},"11":{"start":{"line":26,"column":2},"end":{"line":88,"column":null}},"12":{"start":{"line":31,"column":27},"end":{"line":31,"column":null}},"13":{"start":{"line":32,"column":28},"end":{"line":32,"column":null}},"14":{"start":{"line":46,"column":10},"end":{"line":85,"column":null}},"15":{"start":{"line":57,"column":18},"end":{"line":63,"column":null}},"16":{"start":{"line":60,"column":22},"end":{"line":60,"column":null}},"17":{"start":{"line":80,"column":29},"end":{"line":80,"column":null}}},"fnMap":{"0":{"name":"SubtaskSection","decl":{"start":{"line":5,"column":16},"end":{"line":5,"column":31}},"loc":{"start":{"line":5,"column":58},"end":{"line":90,"column":null}},"line":5},"1":{"name":"(anonymous_1)","decl":{"start":{"line":9,"column":14},"end":{"line":9,"column":20}},"loc":{"start":{"line":9,"column":20},"end":{"line":17,"column":null}},"line":9},"2":{"name":"(anonymous_2)","decl":{"start":{"line":19,"column":17},"end":{"line":19,"column":18}},"loc":{"start":{"line":19,"column":25},"end":{"line":24,"column":null}},"line":19},"3":{"name":"(anonymous_3)","decl":{"start":{"line":22,"column":47},"end":{"line":22,"column":48}},"loc":{"start":{"line":22,"column":54},"end":{"line":22,"column":65}},"line":22},"4":{"name":"(anonymous_4)","decl":{"start":{"line":31,"column":20},"end":{"line":31,"column":21}},"loc":{"start":{"line":31,"column":27},"end":{"line":31,"column":null}},"line":31},"5":{"name":"(anonymous_5)","decl":{"start":{"line":32,"column":21},"end":{"line":32,"column":22}},"loc":{"start":{"line":32,"column":28},"end":{"line":32,"column":null}},"line":32},"6":{"name":"(anonymous_6)","decl":{"start":{"line":45,"column":31},"end":{"line":45,"column":32}},"loc":{"start":{"line":46,"column":10},"end":{"line":85,"column":null}},"line":46},"7":{"name":"(anonymous_7)","decl":{"start":{"line":56,"column":26},"end":{"line":56,"column":32}},"loc":{"start":{"line":56,"column":32},"end":{"line":64,"column":null}},"line":56},"8":{"name":"(anonymous_8)","decl":{"start":{"line":59,"column":50},"end":{"line":59,"column":51}},"loc":{"start":{"line":60,"column":22},"end":{"line":60,"column":null}},"line":60},"9":{"name":"(anonymous_9)","decl":{"start":{"line":80,"column":23},"end":{"line":80,"column":29}},"loc":{"start":{"line":80,"column":29},"end":{"line":80,"column":null}},"line":80}},"branchMap":{"0":{"loc":{"start":{"line":10,"column":4},"end":{"line":10,"column":null}},"type":"if","locations":[{"start":{"line":10,"column":4},"end":{"line":10,"column":null}},{"start":{},"end":{}}],"line":10},"1":{"loc":{"start":{"line":14,"column":20},"end":{"line":14,"column":45}},"type":"binary-expr","locations":[{"start":{"line":14,"column":20},"end":{"line":14,"column":40}},{"start":{"line":14,"column":40},"end":{"line":14,"column":45}}],"line":14},"2":{"loc":{"start":{"line":22,"column":16},"end":{"line":22,"column":40}},"type":"binary-expr","locations":[{"start":{"line":22,"column":16},"end":{"line":22,"column":36}},{"start":{"line":22,"column":36},"end":{"line":22,"column":40}}],"line":22},"3":{"loc":{"start":{"line":32,"column":28},"end":{"line":32,"column":null}},"type":"binary-expr","locations":[{"start":{"line":32,"column":28},"end":{"line":32,"column":49}},{"start":{"line":32,"column":49},"end":{"line":32,"column":null}}],"line":32},"4":{"loc":{"start":{"line":60,"column":22},"end":{"line":60,"column":null}},"type":"cond-expr","locations":[{"start":{"line":60,"column":39},"end":{"line":60,"column":75}},{"start":{"line":60,"column":75},"end":{"line":60,"column":null}}],"line":60},"5":{"loc":{"start":{"line":71,"column":18},"end":{"line":71,"column":null}},"type":"cond-expr","locations":[{"start":{"line":71,"column":31},"end":{"line":71,"column":62}},{"start":{"line":71,"column":62},"end":{"line":71,"column":null}}],"line":71}},"s":{"0":6,"1":6,"2":6,"3":0,"4":0,"5":0,"6":0,"7":0,"8":6,"9":0,"10":0,"11":6,"12":0,"13":0,"14":0,"15":0,"16":0,"17":0},"f":{"0":6,"1":0,"2":0,"3":0,"4":0,"5":0,"6":0,"7":0,"8":0,"9":0},"b":{"0":[0,0],"1":[0,0],"2":[0,0],"3":[0,0],"4":[0,0],"5":[0,0]},"meta":{"lastBranch":6,"lastFunction":10,"lastStatement":18,"seen":{"f:5:16:5:31":0,"s:6:22:6:Infinity":0,"s:7:24:7:Infinity":1,"s:9:14:17:Infinity":2,"f:9:14:9:20":1,"b:10:4:10:Infinity:undefined:undefined:undefined:undefined":0,"s:10:4:10:Infinity":3,"s:10:22:10:Infinity":4,"s:11:23:11:Infinity":5,"s:12:4:15:Infinity":6,"b:14:20:14:40:14:40:14:45":1,"s:16:4:16:Infinity":7,"s:19:17:24:Infinity":8,"f:19:17:19:18":2,"s:20:4:23:Infinity":9,"b:22:16:22:36:22:36:22:40":2,"f:22:47:22:48":3,"s:22:54:22:65":10,"s:26:2:88:Infinity":11,"f:31:20:31:21":4,"s:31:27:31:Infinity":12,"f:32:21:32:22":5,"s:32:28:32:Infinity":13,"b:32:28:32:49:32:49:32:Infinity":3,"f:45:31:45:32":6,"s:46:10:85:Infinity":14,"f:56:26:56:32":7,"s:57:18:63:Infinity":15,"f:59:50:59:51":8,"s:60:22:60:Infinity":16,"b:60:39:60:75:60:75:60:Infinity":4,"b:71:31:71:62:71:62:71:Infinity":5,"f:80:23:80:29":9,"s:80:29:80:Infinity":17}}}
,"C:\\Git\\DailyDeck\\Notes\\src\\features\\todo\\components\\TaskDrawer\\TaskDrawer.jsx": {"path":"C:\\Git\\DailyDeck\\Notes\\src\\features\\todo\\components\\TaskDrawer\\TaskDrawer.jsx","statementMap":{"0":{"start":{"line":22,"column":17},"end":{"line":22,"column":null}},"1":{"start":{"line":24,"column":33},"end":{"line":24,"column":null}},"2":{"start":{"line":26,"column":42},"end":{"line":26,"column":null}},"3":{"start":{"line":27,"column":34},"end":{"line":27,"column":null}},"4":{"start":{"line":29,"column":23},"end":{"line":36,"column":null}},"5":{"start":{"line":30,"column":4},"end":{"line":34,"column":null}},"6":{"start":{"line":31,"column":6},"end":{"line":31,"column":null}},"7":{"start":{"line":32,"column":6},"end":{"line":32,"column":null}},"8":{"start":{"line":33,"column":6},"end":{"line":33,"column":null}},"9":{"start":{"line":35,"column":4},"end":{"line":35,"column":null}},"10":{"start":{"line":38,"column":20},"end":{"line":56,"column":null}},"11":{"start":{"line":39,"column":4},"end":{"line":55,"column":null}},"12":{"start":{"line":40,"column":20},"end":{"line":40,"column":null}},"13":{"start":{"line":41,"column":6},"end":{"line":44,"column":null}},"14":{"start":{"line":42,"column":8},"end":{"line":42,"column":null}},"15":{"start":{"line":43,"column":8},"end":{"line":43,"column":null}},"16":{"start":{"line":46,"column":6},"end":{"line":51,"column":null}},"17":{"start":{"line":46,"column":29},"end":{"line":51,"column":8}},"18":{"start":{"line":53,"column":6},"end":{"line":53,"column":null}},"19":{"start":{"line":54,"column":6},"end":{"line":54,"column":null}},"20":{"start":{"line":58,"column":2},"end":{"line":225,"column":null}},"21":{"start":{"line":70,"column":24},"end":{"line":70,"column":null}},"22":{"start":{"line":86,"column":14},"end":{"line":86,"column":null}},"23":{"start":{"line":94,"column":14},"end":{"line":97,"column":null}},"24":{"start":{"line":105,"column":14},"end":{"line":108,"column":null}},"25":{"start":{"line":139,"column":34},"end":{"line":139,"column":null}},"26":{"start":{"line":154,"column":20},"end":{"line":154,"column":null}},"27":{"start":{"line":174,"column":20},"end":{"line":174,"column":null}},"28":{"start":{"line":190,"column":32},"end":{"line":190,"column":null}},"29":{"start":{"line":207,"column":16},"end":{"line":207,"column":null}},"30":{"start":{"line":208,"column":16},"end":{"line":208,"column":null}},"31":{"start":{"line":210,"column":30},"end":{"line":210,"column":null}}},"fnMap":{"0":{"name":"TaskDrawer","decl":{"start":{"line":15,"column":24},"end":{"line":15,"column":35}},"loc":{"start":{"line":21,"column":3},"end":{"line":227,"column":null}},"line":21},"1":{"name":"(anonymous_1)","decl":{"start":{"line":29,"column":23},"end":{"line":29,"column":30}},"loc":{"start":{"line":29,"column":38},"end":{"line":36,"column":null}},"line":29},"2":{"name":"(anonymous_2)","decl":{"start":{"line":38,"column":20},"end":{"line":38,"column":27}},"loc":{"start":{"line":38,"column":35},"end":{"line":56,"column":null}},"line":38},"3":{"name":"(anonymous_3)","decl":{"start":{"line":46,"column":18},"end":{"line":46,"column":19}},"loc":{"start":{"line":46,"column":29},"end":{"line":51,"column":8}},"line":46},"4":{"name":"(anonymous_4)","decl":{"start":{"line":70,"column":17},"end":{"line":70,"column":18}},"loc":{"start":{"line":70,"column":24},"end":{"line":70,"column":null}},"line":70},"5":{"name":"(anonymous_5)","decl":{"start":{"line":85,"column":22},"end":{"line":85,"column":23}},"loc":{"start":{"line":86,"column":14},"end":{"line":86,"column":null}},"line":86},"6":{"name":"(anonymous_6)","decl":{"start":{"line":93,"column":22},"end":{"line":93,"column":23}},"loc":{"start":{"line":94,"column":14},"end":{"line":97,"column":null}},"line":94},"7":{"name":"(anonymous_7)","decl":{"start":{"line":104,"column":22},"end":{"line":104,"column":23}},"loc":{"start":{"line":105,"column":14},"end":{"line":108,"column":null}},"line":105},"8":{"name":"(anonymous_8)","decl":{"start":{"line":139,"column":24},"end":{"line":139,"column":25}},"loc":{"start":{"line":139,"column":34},"end":{"line":139,"column":null}},"line":139},"9":{"name":"(anonymous_9)","decl":{"start":{"line":153,"column":28},"end":{"line":153,"column":29}},"loc":{"start":{"line":154,"column":20},"end":{"line":154,"column":null}},"line":154},"10":{"name":"(anonymous_10)","decl":{"start":{"line":173,"column":28},"end":{"line":173,"column":29}},"loc":{"start":{"line":174,"column":20},"end":{"line":174,"column":null}},"line":174},"11":{"name":"(anonymous_11)","decl":{"start":{"line":190,"column":22},"end":{"line":190,"column":23}},"loc":{"start":{"line":190,"column":32},"end":{"line":190,"column":null}},"line":190},"12":{"name":"(anonymous_12)","decl":{"start":{"line":206,"column":20},"end":{"line":206,"column":26}},"loc":{"start":{"line":206,"column":26},"end":{"line":209,"column":null}},"line":206},"13":{"name":"(anonymous_13)","decl":{"start":{"line":210,"column":24},"end":{"line":210,"column":30}},"loc":{"start":{"line":210,"column":30},"end":{"line":210,"column":null}},"line":210}},"branchMap":{"0":{"loc":{"start":{"line":20,"column":2},"end":{"line":20,"column":null}},"type":"default-arg","locations":[{"start":{"line":20,"column":9},"end":{"line":20,"column":null}}],"line":20},"1":{"loc":{"start":{"line":30,"column":4},"end":{"line":34,"column":null}},"type":"if","locations":[{"start":{"line":30,"column":4},"end":{"line":34,"column":null}},{"start":{},"end":{}}],"line":30},"2":{"loc":{"start":{"line":30,"column":8},"end":{"line":30,"column":48}},"type":"binary-expr","locations":[{"start":{"line":30,"column":8},"end":{"line":30,"column":32}},{"start":{"line":30,"column":32},"end":{"line":30,"column":48}}],"line":30},"3":{"loc":{"start":{"line":41,"column":6},"end":{"line":44,"column":null}},"type":"if","locations":[{"start":{"line":41,"column":6},"end":{"line":44,"column":null}},{"start":{},"end":{}}],"line":41},"4":{"loc":{"start":{"line":62,"column":8},"end":{"line":64,"column":null}},"type":"cond-expr","locations":[{"start":{"line":63,"column":12},"end":{"line":63,"column":null}},{"start":{"line":64,"column":12},"end":{"line":64,"column":null}}],"line":62},"5":{"loc":{"start":{"line":75,"column":12},"end":{"line":75,"column":55}},"type":"cond-expr","locations":[{"start":{"line":75,"column":19},"end":{"line":75,"column":37}},{"start":{"line":75,"column":37},"end":{"line":75,"column":55}}],"line":75},"6":{"loc":{"start":{"line":92,"column":19},"end":{"line":92,"column":null}},"type":"binary-expr","locations":[{"start":{"line":92,"column":19},"end":{"line":92,"column":39}},{"start":{"line":92,"column":39},"end":{"line":92,"column":null}}],"line":92},"7":{"loc":{"start":{"line":103,"column":19},"end":{"line":103,"column":null}},"type":"binary-expr","locations":[{"start":{"line":103,"column":19},"end":{"line":103,"column":38}},{"start":{"line":103,"column":38},"end":{"line":103,"column":null}}],"line":103},"8":{"loc":{"start":{"line":197,"column":9},"end":{"line":215,"column":null}},"type":"binary-expr","locations":[{"start":{"line":197,"column":9},"end":{"line":197,"column":null}},{"start":{"line":198,"column":10},"end":{"line":215,"column":null}}],"line":197}},"s":{"0":6,"1":6,"2":6,"3":6,"4":6,"5":0,"6":0,"7":0,"8":0,"9":0,"10":6,"11":0,"12":0,"13":0,"14":0,"15":0,"16":0,"17":0,"18":0,"19":0,"20":6,"21":5,"22":18,"23":8,"24":42,"25":0,"26":0,"27":0,"28":0,"29":0,"30":0,"31":0},"f":{"0":6,"1":0,"2":0,"3":0,"4":5,"5":18,"6":8,"7":42,"8":0,"9":0,"10":0,"11":0,"12":0,"13":0},"b":{"0":[6],"1":[0,0],"2":[0,0],"3":[0,0],"4":[6,0],"5":[6,0],"6":[6,6],"7":[6,6],"8":[6,0]},"meta":{"lastBranch":9,"lastFunction":14,"lastStatement":32,"seen":{"f:15:24:15:35":0,"b:20:9:20:Infinity":0,"s:22:17:22:Infinity":0,"s:24:33:24:Infinity":1,"s:26:42:26:Infinity":2,"s:27:34:27:Infinity":3,"s:29:23:36:Infinity":4,"f:29:23:29:30":1,"b:30:4:34:Infinity:undefined:undefined:undefined:undefined":1,"s:30:4:34:Infinity":5,"b:30:8:30:32:30:32:30:48":2,"s:31:6:31:Infinity":6,"s:32:6:32:Infinity":7,"s:33:6:33:Infinity":8,"s:35:4:35:Infinity":9,"s:38:20:56:Infinity":10,"f:38:20:38:27":2,"s:39:4:55:Infinity":11,"s:40:20:40:Infinity":12,"b:41:6:44:Infinity:undefined:undefined:undefined:undefined":3,"s:41:6:44:Infinity":13,"s:42:8:42:Infinity":14,"s:43:8:43:Infinity":15,"s:46:6:51:Infinity":16,"f:46:18:46:19":3,"s:46:29:51:8":17,"s:53:6:53:Infinity":18,"s:54:6:54:Infinity":19,"s:58:2:225:Infinity":20,"b:63:12:63:Infinity:64:12:64:Infinity":4,"f:70:17:70:18":4,"s:70:24:70:Infinity":21,"b:75:19:75:37:75:37:75:55":5,"f:85:22:85:23":5,"s:86:14:86:Infinity":22,"b:92:19:92:39:92:39:92:Infinity":6,"f:93:22:93:23":6,"s:94:14:97:Infinity":23,"b:103:19:103:38:103:38:103:Infinity":7,"f:104:22:104:23":7,"s:105:14:108:Infinity":24,"f:139:24:139:25":8,"s:139:34:139:Infinity":25,"f:153:28:153:29":9,"s:154:20:154:Infinity":26,"f:173:28:173:29":10,"s:174:20:174:Infinity":27,"f:190:22:190:23":11,"s:190:32:190:Infinity":28,"b:197:9:197:Infinity:198:10:215:Infinity":8,"f:206:20:206:26":12,"s:207:16:207:Infinity":29,"s:208:16:208:Infinity":30,"f:210:24:210:30":13,"s:210:30:210:Infinity":31}}}
,"C:\\Git\\DailyDeck\\Notes\\src\\features\\todo\\components\\TaskDrawer\\datePickerStyle.css": {"path":"C:\\Git\\DailyDeck\\Notes\\src\\features\\todo\\components\\TaskDrawer\\datePickerStyle.css","statementMap":{},"fnMap":{},"branchMap":{},"s":{},"f":{},"b":{},"meta":{"lastBranch":0,"lastFunction":0,"lastStatement":0,"seen":{}}}
,"C:\\Git\\DailyDeck\\Notes\\src\\features\\todo\\components\\TaskDrawer\\inputs\\FormInput.jsx": {"path":"C:\\Git\\DailyDeck\\Notes\\src\\features\\todo\\components\\TaskDrawer\\inputs\\FormInput.jsx","statementMap":{"0":{"start":{"line":7,"column":2},"end":{"line":22,"column":null}}},"fnMap":{"0":{"name":"FormInput","decl":{"start":{"line":1,"column":24},"end":{"line":1,"column":34}},"loc":{"start":{"line":6,"column":3},"end":{"line":24,"column":null}},"line":6}},"branchMap":{"0":{"loc":{"start":{"line":5,"column":2},"end":{"line":5,"column":null}},"type":"default-arg","locations":[{"start":{"line":5,"column":16},"end":{"line":5,"column":null}}],"line":5}},"s":{"0":12},"f":{"0":12},"b":{"0":[12]},"meta":{"lastBranch":1,"lastFunction":1,"lastStatement":1,"seen":{"f:1:24:1:34":0,"b:5:16:5:Infinity":0,"s:7:2:22:Infinity":0}}}
,"C:\\Git\\DailyDeck\\Notes\\src\\features\\todo\\components\\TaskDrawer\\inputs\\FormInputGit.jsx": {"path":"C:\\Git\\DailyDeck\\Notes\\src\\features\\todo\\components\\TaskDrawer\\inputs\\FormInputGit.jsx","statementMap":{"0":{"start":{"line":9,"column":25},"end":{"line":15,"column":null}},"1":{"start":{"line":10,"column":4},"end":{"line":10,"column":null}},"2":{"start":{"line":10,"column":41},"end":{"line":10,"column":null}},"3":{"start":{"line":11,"column":20},"end":{"line":13,"column":null}},"4":{"start":{"line":14,"column":4},"end":{"line":14,"column":null}},"5":{"start":{"line":16,"column":18},"end":{"line":16,"column":null}},"6":{"start":{"line":17,"column":2},"end":{"line":55,"column":null}},"7":{"start":{"line":27,"column":25},"end":{"line":27,"column":null}}},"fnMap":{"0":{"name":"FormInputGit","decl":{"start":{"line":1,"column":24},"end":{"line":1,"column":37}},"loc":{"start":{"line":8,"column":3},"end":{"line":57,"column":null}},"line":8},"1":{"name":"(anonymous_1)","decl":{"start":{"line":9,"column":25},"end":{"line":9,"column":26}},"loc":{"start":{"line":9,"column":34},"end":{"line":15,"column":null}},"line":9},"2":{"name":"(anonymous_2)","decl":{"start":{"line":27,"column":19},"end":{"line":27,"column":25}},"loc":{"start":{"line":27,"column":25},"end":{"line":27,"column":null}},"line":27}},"branchMap":{"0":{"loc":{"start":{"line":6,"column":2},"end":{"line":6,"column":null}},"type":"default-arg","locations":[{"start":{"line":6,"column":16},"end":{"line":6,"column":null}}],"line":6},"1":{"loc":{"start":{"line":10,"column":4},"end":{"line":10,"column":null}},"type":"if","locations":[{"start":{"line":10,"column":4},"end":{"line":10,"column":null}},{"start":{},"end":{}}],"line":10},"2":{"loc":{"start":{"line":10,"column":8},"end":{"line":10,"column":41}},"type":"binary-expr","locations":[{"start":{"line":10,"column":8},"end":{"line":10,"column":16}},{"start":{"line":10,"column":16},"end":{"line":10,"column":41}}],"line":10},"3":{"loc":{"start":{"line":28,"column":20},"end":{"line":28,"column":null}},"type":"binary-expr","locations":[{"start":{"line":28,"column":20},"end":{"line":28,"column":31}},{"start":{"line":28,"column":31},"end":{"line":28,"column":null}}],"line":28},"4":{"loc":{"start":{"line":32,"column":14},"end":{"line":34,"column":null}},"type":"cond-expr","locations":[{"start":{"line":33,"column":18},"end":{"line":33,"column":null}},{"start":{"line":34,"column":18},"end":{"line":34,"column":null}}],"line":32},"5":{"loc":{"start":{"line":32,"column":14},"end":{"line":32,"column":null}},"type":"binary-expr","locations":[{"start":{"line":32,"column":14},"end":{"line":32,"column":25}},{"start":{"line":32,"column":25},"end":{"line":32,"column":null}}],"line":32},"6":{"loc":{"start":{"line":38,"column":11},"end":{"line":38,"column":null}},"type":"cond-expr","locations":[{"start":{"line":38,"column":21},"end":{"line":38,"column":36}},{"start":{"line":38,"column":36},"end":{"line":38,"column":null}}],"line":38},"7":{"loc":{"start":{"line":52,"column":12},"end":{"line":52,"column":51}},"type":"cond-expr","locations":[{"start":{"line":52,"column":22},"end":{"line":52,"column":49}},{"start":{"line":52,"column":49},"end":{"line":52,"column":51}}],"line":52}},"s":{"0":6,"1":6,"2":6,"3":0,"4":0,"5":6,"6":6,"7":0},"f":{"0":6,"1":6,"2":0},"b":{"0":[6],"1":[6,0],"2":[6,0],"3":[6,6],"4":[6,0],"5":[6,6],"6":[0,6],"7":[0,6]},"meta":{"lastBranch":8,"lastFunction":3,"lastStatement":8,"seen":{"f:1:24:1:37":0,"b:6:16:6:Infinity":0,"s:9:25:15:Infinity":0,"f:9:25:9:26":1,"b:10:4:10:Infinity:undefined:undefined:undefined:undefined":1,"s:10:4:10:Infinity":1,"b:10:8:10:16:10:16:10:41":2,"s:10:41:10:Infinity":2,"s:11:20:13:Infinity":3,"s:14:4:14:Infinity":4,"s:16:18:16:Infinity":5,"s:17:2:55:Infinity":6,"f:27:19:27:25":2,"s:27:25:27:Infinity":7,"b:28:20:28:31:28:31:28:Infinity":3,"b:33:18:33:Infinity:34:18:34:Infinity":4,"b:32:14:32:25:32:25:32:Infinity":5,"b:38:21:38:36:38:36:38:Infinity":6,"b:52:22:52:49:52:49:52:51":7}}}
,"C:\\Git\\DailyDeck\\Notes\\src\\features\\todo\\components\\TaskDrawer\\inputs\\FormTextarea.jsx": {"path":"C:\\Git\\DailyDeck\\Notes\\src\\features\\todo\\components\\TaskDrawer\\inputs\\FormTextarea.jsx","statementMap":{"0":{"start":{"line":1,"column":21},"end":{"line":20,"column":null}},"1":{"start":{"line":2,"column":2},"end":{"line":18,"column":null}},"2":{"start":{"line":10,"column":10},"end":{"line":10,"column":null}}},"fnMap":{"0":{"name":"(anonymous_0)","decl":{"start":{"line":1,"column":21},"end":{"line":1,"column":22}},"loc":{"start":{"line":1,"column":52},"end":{"line":20,"column":null}},"line":1},"1":{"name":"(anonymous_1)","decl":{"start":{"line":9,"column":18},"end":{"line":9,"column":19}},"loc":{"start":{"line":10,"column":10},"end":{"line":10,"column":null}},"line":10}},"branchMap":{},"s":{"0":1,"1":6,"2":0},"f":{"0":6,"1":0},"b":{},"meta":{"lastBranch":0,"lastFunction":2,"lastStatement":3,"seen":{"s:1:21:20:Infinity":0,"f:1:21:1:22":0,"s:2:2:18:Infinity":1,"f:9:18:9:19":1,"s:10:10:10:Infinity":2}}}
,"C:\\Git\\DailyDeck\\Notes\\src\\features\\todo\\components\\TaskDrawer\\inputs\\TwoColumn.jsx": {"path":"C:\\Git\\DailyDeck\\Notes\\src\\features\\todo\\components\\TaskDrawer\\inputs\\TwoColumn.jsx","statementMap":{"0":{"start":{"line":2,"column":2},"end":{"line":2,"column":null}}},"fnMap":{"0":{"name":"TwoColumn","decl":{"start":{"line":1,"column":24},"end":{"line":1,"column":34}},"loc":{"start":{"line":1,"column":48},"end":{"line":3,"column":null}},"line":1}},"branchMap":{},"s":{"0":6},"f":{"0":6},"b":{},"meta":{"lastBranch":0,"lastFunction":1,"lastStatement":1,"seen":{"f:1:24:1:34":0,"s:2:2:2:Infinity":0}}}
}
